#
# A fatal error has been detected by the Java Runtime Environment:
#
#  EXCEPTION_ACCESS_VIOLATION (0xc0000005) at pc=0x00000000038b5f02, pid=4816, tid=0x0000000000002fb8
#
# JRE version: Java(TM) SE Runtime Environment (8.0_161-b12) (build 1.8.0_161-b12)
# Java VM: Java HotSpot(TM) 64-Bit Server VM (25.161-b12 mixed mode windows-amd64 compressed oops)
# Problematic frame:
# J 879 C1 java.lang.ref.ReferenceQueue.enqueue(Ljava/lang/ref/Reference;)Z (119 bytes) @ 0x00000000038b5f02 [0x00000000038b5d40+0x1c2]
#
# Failed to write core dump. Minidumps are not enabled by default on client versions of Windows
#
# If you would like to submit a bug report, please visit:
#   http://bugreport.java.com/bugreport/crash.jsp
#

---------------  T H R E A D  ---------------

Current thread (0x0000000003644800):  JavaThread "Reference Handler" daemon [_thread_in_Java, id=12216, stack(0x0000000019300000,0x0000000019400000)]

siginfo: ExceptionCode=0xc0000005, reading address 0x00000001040065d0

Registers:
RAX=0x0000000104006598, RBX=0x0000000012603000, RCX=0x0000000100005f40, RDX=0x0000000081cc5930
RSP=0x00000000193feef0, RBP=0x00000000193ff050, RSI=0x0000000081cc5950, RDI=0x0000000000000193
R8 =0x00000000dc8d1138, R9 =0x0000000003644800, R10=0x0000000000000001, R11=0x00000000038b6520
R12=0x0000000000000000, R13=0x00000000193ff008, R14=0x00000000193ff060, R15=0x0000000003644800
RIP=0x00000000038b5f02, EFLAGS=0x0000000000010202

Top of Stack: (sp=0x00000000193feef0)
0x00000000193feef0:   00000000193fef40 0000000081cc5950
0x00000000193fef00:   0000000000000000 00000000193ff050
0x00000000193fef10:   00000000193ff010 0000000003644800
0x00000000193fef20:   0000000000000000 0000000003644800
0x00000000193fef30:   00000000193ff060 0000000081cc5950
0x00000000193fef40:   0000000000000003 0000000081cc5950
0x00000000193fef50:   0000000000000003 00000000178bceed
0x00000000193fef60:   00000000193ff050 00000000038b6854
0x00000000193fef70:   00000000193fef00 0000000081fc80e0
0x00000000193fef80:   0000000000000001 0000000000000003
0x00000000193fef90:   0000000000000000 00000000193fef88
0x00000000193fefa0:   0000000017817f3b 00000000193ff008
0x00000000193fefb0:   000000001789ad40 000000001ae23110
0x00000000193fefc0:   0000000000000001 0000000081fc80e0
0x00000000193fefd0:   0000000000000021 0000000081fc80e0
0x00000000193fefe0:   0000000000000000 0000000000000000 

Instructions: (pc=0x00000000038b5f02)
0x00000000038b5ee2:   48 89 7a 10 49 83 f8 00 0f 84 21 00 00 00 48 b9
0x00000000038b5ef2:   40 5f 00 00 01 00 00 00 41 8b 40 08 48 c1 e0 03
0x00000000038b5f02:   48 3b 48 38 0f 85 05 00 00 00 e9 05 00 00 00 48
0x00000000038b5f12:   33 ff eb 0a 48 bf 01 00 00 00 00 00 00 00 83 ff 


Register to memory mapping:

RAX=0x0000000104006598 is an unknown value
RBX=0x0000000012603000 is an unknown value
RCX=0x0000000100005f40 is pointing into metadata
RDX=0x0000000081cc5930 is an oop
java.lang.ref.ReferenceQueue 
 - klass: 'java/lang/ref/ReferenceQueue'
RSP=0x00000000193feef0 is pointing into the stack for thread: 0x0000000003644800
RBP=0x00000000193ff050 is pointing into the stack for thread: 0x0000000003644800
RSI=0x0000000081cc5950 is an oop
java.lang.ref.ReferenceQueue$Lock 
 - klass: 'java/lang/ref/ReferenceQueue$Lock'
RDI=0x0000000000000193 is an unknown value
R8 =0x00000000dc8d1138 is an oop

[error occurred during error reporting (printing register info), id 0xc0000005]

Stack: [0x0000000019300000,0x0000000019400000],  sp=0x00000000193feef0,  free space=1019k
Native frames: (J=compiled Java code, j=interpreted, Vv=VM code, C=native code)
C  0x00000000038b5f02


---------------  P R O C E S S  ---------------

Java Threads: ( => current thread )
  0x000000001c974000 JavaThread "Abandoned connection cleanup thread" daemon [_thread_blocked, id=15340, stack(0x000000001e2a0000,0x000000001e3a0000)]
  0x000000001c96e000 JavaThread "container-0" [_thread_blocked, id=13884, stack(0x000000001e1a0000,0x000000001e2a0000)]
  0x000000001a44c800 JavaThread "ContainerBackgroundProcessor[StandardEngine[Tomcat]]" daemon [_thread_blocked, id=11252, stack(0x000000001e0a0000,0x000000001e1a0000)]
  0x000000001a44b800 JavaThread "RMI TCP Connection(11)-127.0.0.1" daemon [_thread_in_native, id=7200, stack(0x000000001dea0000,0x000000001dfa0000)]
  0x000000001a44a000 JavaThread "localhost-startStop-1" daemon [_thread_blocked, id=14984, stack(0x000000001dba0000,0x000000001dca0000)]
  0x000000001a449800 JavaThread "Tomcat-startStop-1" daemon [_thread_blocked, id=11416, stack(0x000000001daa0000,0x000000001dba0000)]
  0x000000001a448000 JavaThread "RMI TCP Connection(9)-127.0.0.1" daemon [_thread_in_native, id=2804, stack(0x000000001d7a0000,0x000000001d8a0000)]
  0x000000001a447000 JavaThread "RMI TCP Connection(7)-127.0.0.1" daemon [_thread_in_native, id=796, stack(0x000000001d5a0000,0x000000001d6a0000)]
  0x000000001a448800 JavaThread "RMI TCP Connection(5)-127.0.0.1" daemon [_thread_in_native, id=15584, stack(0x000000001b9d0000,0x000000001bad0000)]
  0x000000001a44e000 JavaThread "restartedMain" [_thread_in_vm, id=9312, stack(0x000000001b3d0000,0x000000001b4d0000)]
  0x000000001a44d000 JavaThread "Thread-2" [_thread_blocked, id=16328, stack(0x000000001b2d0000,0x000000001b3d0000)]
  0x000000001a38a000 JavaThread "RMI TCP Connection(3)-127.0.0.1" daemon [_thread_in_native, id=13880, stack(0x000000001b0d0000,0x000000001b1d0000)]
  0x000000001a381800 JavaThread "RMI Scheduler(0)" daemon [_thread_blocked, id=11824, stack(0x000000001afd0000,0x000000001b0d0000)]
  0x000000001a367000 JavaThread "RMI TCP Connection(1)-127.0.0.1" daemon [_thread_in_native, id=16124, stack(0x000000001aed0000,0x000000001afd0000)]
  0x000000001a219800 JavaThread "RMI TCP Accept-0" daemon [_thread_in_native, id=13712, stack(0x000000001aa20000,0x000000001ab20000)]
  0x000000001a1a3800 JavaThread "RMI TCP Accept-64684" daemon [_thread_in_native, id=10724, stack(0x000000001a920000,0x000000001aa20000)]
  0x000000001a1a2000 JavaThread "RMI TCP Accept-0" daemon [_thread_in_native, id=1692, stack(0x000000001a820000,0x000000001a920000)]
  0x0000000019895800 JavaThread "Service Thread" daemon [_thread_blocked, id=16296, stack(0x0000000019f00000,0x000000001a000000)]
  0x00000000197f7800 JavaThread "C1 CompilerThread2" daemon [_thread_in_vm, id=15672, stack(0x0000000019e00000,0x0000000019f00000)]
  0x00000000197f6800 JavaThread "C2 CompilerThread1" daemon [_thread_blocked, id=15808, stack(0x0000000019d00000,0x0000000019e00000)]
  0x00000000197f5800 JavaThread "C2 CompilerThread0" daemon [_thread_blocked, id=8732, stack(0x0000000019c00000,0x0000000019d00000)]
  0x00000000197aa000 JavaThread "Monitor Ctrl-Break" daemon [_thread_in_native, id=13920, stack(0x0000000019b00000,0x0000000019c00000)]
  0x0000000019543800 JavaThread "Attach Listener" daemon [_thread_blocked, id=9480, stack(0x0000000019a00000,0x0000000019b00000)]
  0x00000000181a4800 JavaThread "Signal Dispatcher" daemon [_thread_blocked, id=14472, stack(0x0000000019900000,0x0000000019a00000)]
  0x000000001817a800 JavaThread "Finalizer" daemon [_thread_blocked, id=11384, stack(0x0000000019400000,0x0000000019500000)]
=>0x0000000003644800 JavaThread "Reference Handler" daemon [_thread_in_Java, id=12216, stack(0x0000000019300000,0x0000000019400000)]
  0x0000000003556800 JavaThread "main" [_thread_blocked, id=256, stack(0x0000000003350000,0x0000000003450000)]

Other Threads:
  0x0000000018156800 VMThread [stack: 0x0000000019200000,0x0000000019300000] [id=5984]
  0x000000001a223800 WatcherThread [stack: 0x000000001ab20000,0x000000001ac20000] [id=14624]

VM state:synchronizing (normal execution)

VM Mutex/Monitor currently owned by a thread:  ([mutex/lock_event])
[0x0000000003553ec0] Safepoint_lock - owner thread: 0x0000000018156800
[0x0000000003553d40] Threads_lock - owner thread: 0x0000000018156800

Heap:
 PSYoungGen      total 112640K, used 14252K [0x00000000d5e00000, 0x00000000e0d00000, 0x0000000100000000)
  eden space 101888K, 3% used [0x00000000d5e00000,0x00000000d616db78,0x00000000dc180000)
  from space 10752K, 99% used [0x00000000dc180000,0x00000000dcbfd7b0,0x00000000dcc00000)
  to   space 14336K, 0% used [0x00000000dff00000,0x00000000dff00000,0x00000000e0d00000)
 ParOldGen       total 57856K, used 15890K [0x0000000081a00000, 0x0000000085280000, 0x00000000d5e00000)
  object space 57856K, 27% used [0x0000000081a00000,0x0000000082984808,0x0000000085280000)
 Metaspace       used 32591K, capacity 34008K, committed 34176K, reserved 1079296K
  class space    used 4384K, capacity 4682K, committed 4736K, reserved 1048576K

Card table byte_map: [0x0000000012a10000,0x0000000012e10000] byte_map_base: 0x0000000012603000

Marking Bits: (ParMarkBitMap*) 0x000000005994f860
 Begin Bits: [0x00000000134c0000, 0x0000000015458000)
 End Bits:   [0x0000000015458000, 0x00000000173f0000)

Polling page: 0x0000000001520000

CodeCache: size=245760Kb used=7182Kb max_used=7182Kb free=238577Kb
 bounds [0x0000000003650000, 0x0000000003d60000, 0x0000000012650000]
 total_blobs=3805 nmethods=3377 adapters=339
 compilation: enabled

Compilation events (10 events):
Event: 5.862 Thread 0x00000000197f7800 nmethod 3369 0x0000000003d49910 code [0x0000000003d49aa0, 0x0000000003d49d90]
Event: 5.862 Thread 0x00000000197f7800 3367       1       com.sun.org.apache.xerces.internal.dom.NodeImpl::<init> (10 bytes)
Event: 5.862 Thread 0x00000000197f7800 nmethod 3367 0x0000000003d4a390 code [0x0000000003d4a4e0, 0x0000000003d4a610]
Event: 5.862 Thread 0x00000000197f7800 3368       1       com.sun.org.apache.xerces.internal.dom.DeferredDocumentImpl::getPrevSibling (7 bytes)
Event: 5.862 Thread 0x00000000197f7800 nmethod 3368 0x0000000003d4a690 code [0x0000000003d4a7e0, 0x0000000003d4a908]
Event: 5.862 Thread 0x00000000197f7800 3370       1       com.sun.org.apache.xerces.internal.dom.DeferredDocumentImpl::getNodeObject (510 bytes)
Event: 5.864 Thread 0x00000000197f7800 nmethod 3370 0x0000000003d4a990 code [0x0000000003d4ac80, 0x0000000003d4bc88]
Event: 5.864 Thread 0x00000000197f7800 3374       1       com.sun.org.apache.xml.internal.dtm.ref.DTMDefaultBase::indexNode (69 bytes)
Event: 5.865 Thread 0x00000000197f7800 nmethod 3374 0x0000000003d4ca50 code [0x0000000003d4cc00, 0x0000000003d4cf08]
Event: 5.865 Thread 0x00000000197f7800 3377       1       com.sun.org.apache.xml.internal.dtm.ref.dom2dtm.DOM2DTM::nextNode (740 bytes)

GC Heap History (10 events):
Event: 2.727 GC heap before
{Heap before GC invocations=4 (full 0):
 PSYoungGen      total 38400K, used 31933K [0x00000000d5e00000, 0x00000000da900000, 0x0000000100000000)
  eden space 33280K, 80% used [0x00000000d5e00000,0x00000000d7835568,0x00000000d7e80000)
  from space 5120K, 99% used [0x00000000d7e80000,0x00000000d837a020,0x00000000d8380000)
  to   space 5120K, 0% used [0x00000000da400000,0x00000000da400000,0x00000000da900000)
 ParOldGen       total 87552K, used 2955K [0x0000000081a00000, 0x0000000086f80000, 0x00000000d5e00000)
  object space 87552K, 3% used [0x0000000081a00000,0x0000000081ce2df8,0x0000000086f80000)
 Metaspace       used 20650K, capacity 21230K, committed 21296K, reserved 1067008K
  class space    used 2749K, capacity 2922K, committed 2944K, reserved 1048576K
Event: 2.773 GC heap after
Heap after GC invocations=4 (full 0):
 PSYoungGen      total 71680K, used 5112K [0x00000000d5e00000, 0x00000000da900000, 0x0000000100000000)
  eden space 66560K, 0% used [0x00000000d5e00000,0x00000000d5e00000,0x00000000d9f00000)
  from space 5120K, 99% used [0x00000000da400000,0x00000000da8fe030,0x00000000da900000)
  to   space 5120K, 0% used [0x00000000d9f00000,0x00000000d9f00000,0x00000000da400000)
 ParOldGen       total 87552K, used 5824K [0x0000000081a00000, 0x0000000086f80000, 0x00000000d5e00000)
  object space 87552K, 6% used [0x0000000081a00000,0x0000000081fb0270,0x0000000086f80000)
 Metaspace       used 20650K, capacity 21230K, committed 21296K, reserved 1067008K
  class space    used 2749K, capacity 2922K, committed 2944K, reserved 1048576K
}
Event: 2.773 GC heap before
{Heap before GC invocations=5 (full 1):
 PSYoungGen      total 71680K, used 5112K [0x00000000d5e00000, 0x00000000da900000, 0x0000000100000000)
  eden space 66560K, 0% used [0x00000000d5e00000,0x00000000d5e00000,0x00000000d9f00000)
  from space 5120K, 99% used [0x00000000da400000,0x00000000da8fe030,0x00000000da900000)
  to   space 5120K, 0% used [0x00000000d9f00000,0x00000000d9f00000,0x00000000da400000)
 ParOldGen       total 87552K, used 5824K [0x0000000081a00000, 0x0000000086f80000, 0x00000000d5e00000)
  object space 87552K, 6% used [0x0000000081a00000,0x0000000081fb0270,0x0000000086f80000)
 Metaspace       used 20650K, capacity 21230K, committed 21296K, reserved 1067008K
  class space    used 2749K, capacity 2922K, committed 2944K, reserved 1048576K
Event: 2.869 GC heap after
Heap after GC invocations=5 (full 1):
 PSYoungGen      total 71680K, used 0K [0x00000000d5e00000, 0x00000000da900000, 0x0000000100000000)
  eden space 66560K, 0% used [0x00000000d5e00000,0x00000000d5e00000,0x00000000d9f00000)
  from space 5120K, 0% used [0x00000000da400000,0x00000000da400000,0x00000000da900000)
  to   space 5120K, 0% used [0x00000000d9f00000,0x00000000d9f00000,0x00000000da400000)
 ParOldGen       total 57856K, used 7832K [0x0000000081a00000, 0x0000000085280000, 0x00000000d5e00000)
  object space 57856K, 13% used [0x0000000081a00000,0x00000000821a6350,0x0000000085280000)
 Metaspace       used 20650K, capacity 21230K, committed 21296K, reserved 1067008K
  class space    used 2749K, capacity 2922K, committed 2944K, reserved 1048576K
}
Event: 3.889 GC heap before
{Heap before GC invocations=6 (full 1):
 PSYoungGen      total 71680K, used 66560K [0x00000000d5e00000, 0x00000000da900000, 0x0000000100000000)
  eden space 66560K, 100% used [0x00000000d5e00000,0x00000000d9f00000,0x00000000d9f00000)
  from space 5120K, 0% used [0x00000000da400000,0x00000000da400000,0x00000000da900000)
  to   space 5120K, 0% used [0x00000000d9f00000,0x00000000d9f00000,0x00000000da400000)
 ParOldGen       total 57856K, used 7832K [0x0000000081a00000, 0x0000000085280000, 0x00000000d5e00000)
  object space 57856K, 13% used [0x0000000081a00000,0x00000000821a6350,0x0000000085280000)
 Metaspace       used 23007K, capacity 23912K, committed 24064K, reserved 1071104K
  class space    used 3100K, capacity 3310K, committed 3328K, reserved 1048576K
Event: 3.896 GC heap after
Heap after GC invocations=6 (full 1):
 PSYoungGen      total 71680K, used 5117K [0x00000000d5e00000, 0x00000000dd680000, 0x0000000100000000)
  eden space 66560K, 0% used [0x00000000d5e00000,0x00000000d5e00000,0x00000000d9f00000)
  from space 5120K, 99% used [0x00000000d9f00000,0x00000000da3ff7e0,0x00000000da400000)
  to   space 9216K, 0% used [0x00000000dcd80000,0x00000000dcd80000,0x00000000dd680000)
 ParOldGen       total 57856K, used 10428K [0x0000000081a00000, 0x0000000085280000, 0x00000000d5e00000)
  object space 57856K, 18% used [0x0000000081a00000,0x000000008242f120,0x0000000085280000)
 Metaspace       used 23007K, capacity 23912K, committed 24064K, reserved 1071104K
  class space    used 3100K, capacity 3310K, committed 3328K, reserved 1048576K
}
Event: 4.671 GC heap before
{Heap before GC invocations=7 (full 1):
 PSYoungGen      total 71680K, used 71677K [0x00000000d5e00000, 0x00000000dd680000, 0x0000000100000000)
  eden space 66560K, 100% used [0x00000000d5e00000,0x00000000d9f00000,0x00000000d9f00000)
  from space 5120K, 99% used [0x00000000d9f00000,0x00000000da3ff7e0,0x00000000da400000)
  to   space 9216K, 0% used [0x00000000dcd80000,0x00000000dcd80000,0x00000000dd680000)
 ParOldGen       total 57856K, used 10428K [0x0000000081a00000, 0x0000000085280000, 0x00000000d5e00000)
  object space 57856K, 18% used [0x0000000081a00000,0x000000008242f120,0x0000000085280000)
 Metaspace       used 25831K, capacity 26812K, committed 27136K, reserved 1073152K
  class space    used 3511K, capacity 3740K, committed 3840K, reserved 1048576K
Event: 4.681 GC heap after
Heap after GC invocations=7 (full 1):
 PSYoungGen      total 110592K, used 9187K [0x00000000d5e00000, 0x00000000dd680000, 0x0000000100000000)
  eden space 101376K, 0% used [0x00000000d5e00000,0x00000000d5e00000,0x00000000dc100000)
  from space 9216K, 99% used [0x00000000dcd80000,0x00000000dd678f70,0x00000000dd680000)
  to   space 10752K, 0% used [0x00000000dc180000,0x00000000dc180000,0x00000000dcc00000)
 ParOldGen       total 57856K, used 11082K [0x0000000081a00000, 0x0000000085280000, 0x00000000d5e00000)
  object space 57856K, 19% used [0x0000000081a00000,0x00000000824d2bd8,0x0000000085280000)
 Metaspace       used 25831K, capacity 26812K, committed 27136K, reserved 1073152K
  class space    used 3511K, capacity 3740K, committed 3840K, reserved 1048576K
}
Event: 5.866 GC heap before
{Heap before GC invocations=8 (full 1):
 PSYoungGen      total 110592K, used 110563K [0x00000000d5e00000, 0x00000000dd680000, 0x0000000100000000)
  eden space 101376K, 100% used [0x00000000d5e00000,0x00000000dc100000,0x00000000dc100000)
  from space 9216K, 99% used [0x00000000dcd80000,0x00000000dd678f70,0x00000000dd680000)
  to   space 10752K, 0% used [0x00000000dc180000,0x00000000dc180000,0x00000000dcc00000)
 ParOldGen       total 57856K, used 11082K [0x0000000081a00000, 0x0000000085280000, 0x00000000d5e00000)
  object space 57856K, 19% used [0x0000000081a00000,0x00000000824d2bd8,0x0000000085280000)
 Metaspace       used 32573K, capacity 34008K, committed 34176K, reserved 1079296K
  class space    used 4381K, capacity 4682K, committed 4736K, reserved 1048576K
Event: 5.886 GC heap after
Heap after GC invocations=8 (full 1):
 PSYoungGen      total 112640K, used 10741K [0x00000000d5e00000, 0x00000000e0d00000, 0x0000000100000000)
  eden space 101888K, 0% used [0x00000000d5e00000,0x00000000d5e00000,0x00000000dc180000)
  from space 10752K, 99% used [0x00000000dc180000,0x00000000dcbfd7b0,0x00000000dcc00000)
  to   space 14336K, 0% used [0x00000000dff00000,0x00000000dff00000,0x00000000e0d00000)
 ParOldGen       total 57856K, used 15890K [0x0000000081a00000, 0x0000000085280000, 0x00000000d5e00000)
  object space 57856K, 27% used [0x0000000081a00000,0x0000000082984808,0x0000000085280000)
 Metaspace       used 32573K, capacity 34008K, committed 34176K, reserved 1079296K
  class space    used 4381K, capacity 4682K, committed 4736K, reserved 1048576K
}

Deoptimization events (0 events):
No events

Classes redefined (0 events):
No events

Internal exceptions (10 events):
Event: 5.716 Thread 0x000000001a44e000 Exception <a 'java/lang/ArrayIndexOutOfBoundsException'> (0x00000000dbaff888) thrown at [C:\re\workspace\8-2-build-windows-amd64-cygwin\jdk8u161\10277\hotspot\src\share\vm\runtime\sharedRuntime.cpp, line 605]
Event: 5.717 Thread 0x000000001a44e000 Exception <a 'java/lang/ArrayIndexOutOfBoundsException'> (0x00000000dbb0c2a0) thrown at [C:\re\workspace\8-2-build-windows-amd64-cygwin\jdk8u161\10277\hotspot\src\share\vm\runtime\sharedRuntime.cpp, line 605]
Event: 5.717 Thread 0x000000001a44e000 Exception <a 'java/lang/ArrayIndexOutOfBoundsException'> (0x00000000dbb19700) thrown at [C:\re\workspace\8-2-build-windows-amd64-cygwin\jdk8u161\10277\hotspot\src\share\vm\runtime\sharedRuntime.cpp, line 605]
Event: 5.718 Thread 0x000000001a44e000 Exception <a 'java/lang/ArrayIndexOutOfBoundsException'> (0x00000000dbb263c8) thrown at [C:\re\workspace\8-2-build-windows-amd64-cygwin\jdk8u161\10277\hotspot\src\share\vm\runtime\sharedRuntime.cpp, line 605]
Event: 5.718 Thread 0x000000001a44e000 Exception <a 'java/lang/ArrayIndexOutOfBoundsException'> (0x00000000dbb33618) thrown at [C:\re\workspace\8-2-build-windows-amd64-cygwin\jdk8u161\10277\hotspot\src\share\vm\runtime\sharedRuntime.cpp, line 605]
Event: 5.719 Thread 0x000000001a44e000 Exception <a 'java/lang/ArrayIndexOutOfBoundsException'> (0x00000000dbb3f4d8) thrown at [C:\re\workspace\8-2-build-windows-amd64-cygwin\jdk8u161\10277\hotspot\src\share\vm\runtime\sharedRuntime.cpp, line 605]
Event: 5.719 Thread 0x000000001a44e000 Exception <a 'java/lang/ArrayIndexOutOfBoundsException'> (0x00000000dbb4b110) thrown at [C:\re\workspace\8-2-build-windows-amd64-cygwin\jdk8u161\10277\hotspot\src\share\vm\runtime\sharedRuntime.cpp, line 605]
Event: 5.719 Thread 0x000000001a44e000 Exception <a 'java/lang/ArrayIndexOutOfBoundsException'> (0x00000000dbb57a38) thrown at [C:\re\workspace\8-2-build-windows-amd64-cygwin\jdk8u161\10277\hotspot\src\share\vm\runtime\sharedRuntime.cpp, line 605]
Event: 5.720 Thread 0x000000001a44e000 Exception <a 'java/lang/ArrayIndexOutOfBoundsException'> (0x00000000dbb64b58) thrown at [C:\re\workspace\8-2-build-windows-amd64-cygwin\jdk8u161\10277\hotspot\src\share\vm\runtime\sharedRuntime.cpp, line 605]
Event: 5.720 Thread 0x000000001a44e000 Exception <a 'java/lang/ArrayIndexOutOfBoundsException'> (0x00000000dbb70928) thrown at [C:\re\workspace\8-2-build-windows-amd64-cygwin\jdk8u161\10277\hotspot\src\share\vm\runtime\sharedRuntime.cpp, line 605]

Events (10 events):
Event: 5.887 Executing VM operation: RevokeBias
Event: 5.887 Executing VM operation: RevokeBias done
Event: 5.887 Executing VM operation: RevokeBias
Event: 5.887 Executing VM operation: RevokeBias done
Event: 5.887 Executing VM operation: RevokeBias
Event: 5.888 Executing VM operation: RevokeBias done
Event: 5.888 Executing VM operation: RevokeBias
Event: 5.888 Executing VM operation: RevokeBias done
Event: 5.888 Executing VM operation: RevokeBias
Event: 5.888 Executing VM operation: RevokeBias done


Dynamic libraries:
0x00007ff62bc90000 - 0x00007ff62bcc7000 	C:\Program Files\Java\jdk1.8.0_161\bin\java.exe
0x00007ffb3e350000 - 0x00007ffb3e531000 	C:\WINDOWS\SYSTEM32\ntdll.dll
0x00007ffb3e170000 - 0x00007ffb3e222000 	C:\WINDOWS\System32\KERNEL32.DLL
0x00007ffb3b2f0000 - 0x00007ffb3b563000 	C:\WINDOWS\System32\KERNELBASE.dll
0x00007ffb3bcd0000 - 0x00007ffb3bd71000 	C:\WINDOWS\System32\ADVAPI32.dll
0x00007ffb3de80000 - 0x00007ffb3df1e000 	C:\WINDOWS\System32\msvcrt.dll
0x00007ffb3b8e0000 - 0x00007ffb3b93b000 	C:\WINDOWS\System32\sechost.dll
0x00007ffb3ba00000 - 0x00007ffb3bb24000 	C:\WINDOWS\System32\RPCRT4.dll
0x00007ffb3c460000 - 0x00007ffb3c5f0000 	C:\WINDOWS\System32\USER32.dll
0x00007ffb3b7c0000 - 0x00007ffb3b7e0000 	C:\WINDOWS\System32\win32u.dll
0x00007ffb3bb30000 - 0x00007ffb3bb58000 	C:\WINDOWS\System32\GDI32.dll
0x00007ffb3a8c0000 - 0x00007ffb3aa52000 	C:\WINDOWS\System32\gdi32full.dll
0x00007ffb3a820000 - 0x00007ffb3a8bf000 	C:\WINDOWS\System32\msvcp_win.dll
0x00007ffb3aa60000 - 0x00007ffb3ab5a000 	C:\WINDOWS\System32\ucrtbase.dll
0x00007ffb32d70000 - 0x00007ffb32fd9000 	C:\WINDOWS\WinSxS\amd64_microsoft.windows.common-controls_6595b64144ccf1df_6.0.17134.81_none_b4b229fe3cb4cfa3\COMCTL32.dll
0x00007ffb3c0b0000 - 0x00007ffb3c3d3000 	C:\WINDOWS\System32\combase.dll
0x00007ffb3ab60000 - 0x00007ffb3abda000 	C:\WINDOWS\System32\bcryptPrimitives.dll
0x00007ffb3b940000 - 0x00007ffb3b96d000 	C:\WINDOWS\System32\IMM32.DLL
0x000000005b570000 - 0x000000005b642000 	C:\Program Files\Java\jdk1.8.0_161\jre\bin\msvcr100.dll
0x0000000059130000 - 0x00000000599cf000 	C:\Program Files\Java\jdk1.8.0_161\jre\bin\server\jvm.dll
0x00007ffb3bd80000 - 0x00007ffb3bd88000 	C:\WINDOWS\System32\PSAPI.DLL
0x00007ffb347b0000 - 0x00007ffb347b9000 	C:\WINDOWS\SYSTEM32\WSOCK32.dll
0x00007ffb3c3f0000 - 0x00007ffb3c45c000 	C:\WINDOWS\System32\WS2_32.dll
0x00007ffb35fa0000 - 0x00007ffb35fc3000 	C:\WINDOWS\SYSTEM32\WINMM.dll
0x00007ffb35f70000 - 0x00007ffb35f9a000 	C:\WINDOWS\SYSTEM32\WINMMBASE.dll
0x00007ffb3a720000 - 0x00007ffb3a769000 	C:\WINDOWS\System32\cfgmgr32.dll
0x00007ffb2f620000 - 0x00007ffb2f62a000 	C:\WINDOWS\SYSTEM32\VERSION.dll
0x000000005b560000 - 0x000000005b56f000 	C:\Program Files\Java\jdk1.8.0_161\jre\bin\verify.dll
0x000000005b530000 - 0x000000005b559000 	C:\Program Files\Java\jdk1.8.0_161\jre\bin\java.dll
0x000000005b4a0000 - 0x000000005b4c3000 	C:\Program Files\Java\jdk1.8.0_161\jre\bin\instrument.dll
0x000000005b510000 - 0x000000005b526000 	C:\Program Files\Java\jdk1.8.0_161\jre\bin\zip.dll
0x00007ffb3ca40000 - 0x00007ffb3de80000 	C:\WINDOWS\System32\SHELL32.dll
0x00007ffb3bc20000 - 0x00007ffb3bcc9000 	C:\WINDOWS\System32\shcore.dll
0x00007ffb3abe0000 - 0x00007ffb3b2ed000 	C:\WINDOWS\System32\windows.storage.dll
0x00007ffb3bbc0000 - 0x00007ffb3bc11000 	C:\WINDOWS\System32\shlwapi.dll
0x00007ffb3a680000 - 0x00007ffb3a691000 	C:\WINDOWS\System32\kernel.appcore.dll
0x00007ffb3a6a0000 - 0x00007ffb3a6bf000 	C:\WINDOWS\System32\profapi.dll
0x00007ffb3a6d0000 - 0x00007ffb3a71c000 	C:\WINDOWS\System32\powrprof.dll
0x00007ffb3a6c0000 - 0x00007ffb3a6ca000 	C:\WINDOWS\System32\FLTLIB.DLL
0x00007ffb37520000 - 0x00007ffb3753a000 	C:\Program Files\JetBrains\IntelliJ IDEA 2017.3.5\bin\breakgen64.dll
0x000000005b4f0000 - 0x000000005b50a000 	C:\Program Files\Java\jdk1.8.0_161\jre\bin\net.dll
0x00007ffb39ee0000 - 0x00007ffb39f46000 	C:\WINDOWS\system32\mswsock.dll
0x000000005b490000 - 0x000000005b49d000 	C:\Program Files\Java\jdk1.8.0_161\jre\bin\management.dll
0x000000005b4d0000 - 0x000000005b4e1000 	C:\Program Files\Java\jdk1.8.0_161\jre\bin\nio.dll
0x00007ffb24ed0000 - 0x00007ffb24ee6000 	C:\WINDOWS\system32\napinsp.dll
0x00007ffb23840000 - 0x00007ffb2385a000 	C:\WINDOWS\system32\pnrpnsp.dll
0x00007ffb37470000 - 0x00007ffb37489000 	C:\WINDOWS\system32\NLAapi.dll
0x00007ffb39ca0000 - 0x00007ffb39d5e000 	C:\WINDOWS\SYSTEM32\DNSAPI.dll
0x00007ffb3c3e0000 - 0x00007ffb3c3e8000 	C:\WINDOWS\System32\NSI.dll
0x00007ffb39c60000 - 0x00007ffb39c98000 	C:\WINDOWS\SYSTEM32\IPHLPAPI.DLL
0x00007ffb23700000 - 0x00007ffb2370e000 	C:\WINDOWS\System32\winrnr.dll
0x00007ffb35270000 - 0x00007ffb35285000 	C:\WINDOWS\System32\wshbth.dll
0x00007ffb2f8a0000 - 0x00007ffb2f8aa000 	C:\Windows\System32\rasadhlp.dll
0x00007ffb2f820000 - 0x00007ffb2f892000 	C:\WINDOWS\System32\fwpuclnt.dll
0x00007ffb3a1c0000 - 0x00007ffb3a1e5000 	C:\WINDOWS\SYSTEM32\bcrypt.dll
0x00007ffb3a090000 - 0x00007ffb3a0a7000 	C:\WINDOWS\SYSTEM32\CRYPTSP.dll
0x00007ffb39ac0000 - 0x00007ffb39af3000 	C:\WINDOWS\system32\rsaenh.dll
0x00007ffb3a590000 - 0x00007ffb3a5b8000 	C:\WINDOWS\SYSTEM32\USERENV.dll
0x00007ffb3a0b0000 - 0x00007ffb3a0bb000 	C:\WINDOWS\SYSTEM32\CRYPTBASE.dll
0x00007ffb331f0000 - 0x00007ffb33206000 	C:\WINDOWS\SYSTEM32\dhcpcsvc6.DLL
0x00007ffb331d0000 - 0x00007ffb331ea000 	C:\WINDOWS\SYSTEM32\dhcpcsvc.DLL
0x00007ffb26e50000 - 0x00007ffb27019000 	C:\WINDOWS\SYSTEM32\dbghelp.dll

VM Arguments:
jvm_args: -XX:TieredStopAtLevel=1 -Xverify:none -Dspring.output.ansi.enabled=always -Dcom.sun.management.jmxremote -Dcom.sun.management.jmxremote.port=64684 -Dcom.sun.management.jmxremote.authenticate=false -Dcom.sun.management.jmxremote.ssl=false -Djava.rmi.server.hostname=localhost -Dspring.liveBeansView.mbeanDomain -Dspring.application.admin.enabled=true -javaagent:C:\Program Files\JetBrains\IntelliJ IDEA 2017.3.5\lib\idea_rt.jar=64685:C:\Program Files\JetBrains\IntelliJ IDEA 2017.3.5\bin -Dfile.encoding=UTF-8 
java_command: com.cww.mymoxi.MymoxiApplication
java_class_path (initial): C:\Program Files\Java\jdk1.8.0_161\jre\lib\charsets.jar;C:\Program Files\Java\jdk1.8.0_161\jre\lib\deploy.jar;C:\Program Files\Java\jdk1.8.0_161\jre\lib\ext\access-bridge-64.jar;C:\Program Files\Java\jdk1.8.0_161\jre\lib\ext\cldrdata.jar;C:\Program Files\Java\jdk1.8.0_161\jre\lib\ext\dnsns.jar;C:\Program Files\Java\jdk1.8.0_161\jre\lib\ext\jaccess.jar;C:\Program Files\Java\jdk1.8.0_161\jre\lib\ext\jfxrt.jar;C:\Program Files\Java\jdk1.8.0_161\jre\lib\ext\localedata.jar;C:\Program Files\Java\jdk1.8.0_161\jre\lib\ext\nashorn.jar;C:\Program Files\Java\jdk1.8.0_161\jre\lib\ext\sunec.jar;C:\Program Files\Java\jdk1.8.0_161\jre\lib\ext\sunjce_provider.jar;C:\Program Files\Java\jdk1.8.0_161\jre\lib\ext\sunmscapi.jar;C:\Program Files\Java\jdk1.8.0_161\jre\lib\ext\sunpkcs11.jar;C:\Program Files\Java\jdk1.8.0_161\jre\lib\ext\zipfs.jar;C:\Program Files\Java\jdk1.8.0_161\jre\lib\javaws.jar;C:\Program Files\Java\jdk1.8.0_161\jre\lib\jce.jar;C:\Program Files\Java\jdk1.8.0_161\jre\lib\jfr.jar;C:\Program Files\Java\jdk1.8.0_161\jre\lib\jfxswt.jar;C:\Program Files\Java\jdk1.8.0_161\jre\lib\jsse.jar;C:\Program Files\Java\jdk1.8.0_161\jre\lib\management-agent.jar;C:\Program Files\Java\jdk1.8.0_161\jre\lib\plugin.jar;C:\Program Files\Java\jdk1.8.0_161\jre\lib\resources.jar;C:\Program Files\Java\jdk1.8.0_161\jre\lib\rt.jar;C:\Users\the_one\IdeaProjects\mymoxi\target\classes;C:\Users\the_one\.m2\repository\org\springframework\boot\spring-boot-starter-web\2.0.2.RELEASE\spring-boot-starter-web-2.0.2.RELEASE.jar;C:\Users\the_one\.m2\repository\org\springframework\boot\spring-boot-starter\2.0.2.RELEASE\spring-boot-starter-2.0.2.RELEASE.jar;C:\Users\the_one\.m2\repository\org\springframework\boot\spring-boot-starter-logging\2.0.2.RELEASE\spring-boot-starter-logging-2.0.2.RELEASE.jar;C:\Users\the_one\.m2\repository\ch\qos\logback\logback-classic\1.2.3\logback-classic-1.2.3.jar;C:\Users\the_one\.m2\repository\ch\qos\logback\logback-core\1.2.3\logback-core-1.2.3.jar;C:
Launcher Type: SUN_STANDARD

Environment Variables:
JAVA_HOME=C:\Program Files\Java\jdk1.8.0_161
CLASSPATH=C:\Tomcat\apache-tomcat-7.0.78\BIN;C:\Program Files\Java\jdk1.8.0_161\lib;C:\Program Files\Java\jdk1.8.0_161\lib\tools.jar
PATH=C:\ProgramData\Oracle\Java\javapath;C:\WINDOWS\system32;C:\WINDOWS;C:\WINDOWS\System32\Wbem;C:\WINDOWS\System32\WindowsPowerShell\v1.0\;C:\Program Files\Java\jdk1.8.0_161\bin;C:\Program Files\Java\jdk1.8.0_161\jre\bin;C:\Program Files\mysql-5.7.21\bin;C:\Program Files\MySQL\MySQL Utilities 1.6\;C:\Program Files\Git\cmd;D:\Program Files\MATLAB\R2016a\runtime\win64;D:\Program Files\MATLAB\R2016a\bin;D:\Program Files\MATLAB\R2016a\polyspace\bin;C:\maven\bin;C:\Program Files\PuTTY\;C:\Program Files\nodejs\;C:\WINDOWS\System32\OpenSSH\;C:\Users\the_one\AppData\Local\Programs\Python\Python36\Scripts\;C:\Users\the_one\AppData\Local\Programs\Python\Python36\;C:\Users\the_one\AppData\Local\Microsoft\WindowsApps;C:\Users\the_one\AppData\Local\atom\bin;C:\Program Files\Microsoft VS Code\bin;C:\Users\the_one\AppData\Roaming\npm;C:\Users\the_one\AppData\Local\GitHubDesktop\bin;%USERPROFILE%\AppData\Local\Microsoft\WindowsApps;
USERNAME=the_one
OS=Windows_NT
PROCESSOR_IDENTIFIER=Intel64 Family 6 Model 60 Stepping 3, GenuineIntel



---------------  S Y S T E M  ---------------

OS: Windows 10.0 , 64 bit Build 17134 (10.0.17134.1)

CPU:total 4 (initial active 4) (2 cores per cpu, 2 threads per core) family 6 model 60 stepping 3, cmov, cx8, fxsr, mmx, sse, sse2, sse3, ssse3, sse4.1, sse4.2, popcnt, avx, avx2, aes, clmul, erms, lzcnt, ht, tsc, tscinvbit, bmi1, bmi2

Memory: 4k page, physical 8281452k(2206460k free), swap 10509676k(2347104k free)

vm_info: Java HotSpot(TM) 64-Bit Server VM (25.161-b12) for windows-amd64 JRE (1.8.0_161-b12), built on Dec 19 2017 17:52:25 by "java_re" with MS VC++ 10.0 (VS2010)

time: Wed Jun 06 21:38:19 2018
elapsed time: 5 seconds (0d 0h 0m 5s)

