#
# A fatal error has been detected by the Java Runtime Environment:
#
#  EXCEPTION_ACCESS_VIOLATION (0xc0000005) at pc=0x000000006a13926f, pid=6644, tid=0x000000000000287c
#
# JRE version: Java(TM) SE Runtime Environment (8.0_161-b12) (build 1.8.0_161-b12)
# Java VM: Java HotSpot(TM) 64-Bit Server VM (25.161-b12 mixed mode windows-amd64 compressed oops)
# Problematic frame:
# V  [jvm.dll+0x10926f]
#
# Failed to write core dump. Minidumps are not enabled by default on client versions of Windows
#
# If you would like to submit a bug report, please visit:
#   http://bugreport.java.com/bugreport/crash.jsp
#

---------------  T H R E A D  ---------------

Current thread (0x00000000193fa800):  JavaThread "C1 CompilerThread2" daemon [_thread_in_vm, id=10364, stack(0x00000000199a0000,0x0000000019aa0000)]

siginfo: ExceptionCode=0xc0000005, reading address 0x0000000000000008

Registers:
RAX=0x0000000000020002, RBX=0x000000001f754140, RCX=0x0000000000000000, RDX=0x000000001c7255b0
RSP=0x0000000019a9e418, RBP=0x000000001c725501, RSI=0x000000000314f400, RDI=0x000000001f754100
R8 =0x0000000000020002, R9 =0x0000000000040005, R10=0x0000000000000000, R11=0x000000001c7255b0
R12=0x000000000314f4e0, R13=0x000000001c7255b0, R14=0x000000000314f4e0, R15=0x0000000019416730
RIP=0x000000006a13926f, EFLAGS=0x0000000000010203

Top of Stack: (sp=0x0000000019a9e418)
0x0000000019a9e418:   000000006a139300 000000001f754140
0x0000000019a9e428:   0000000000000000 0000000019a9ec80
0x0000000019a9e438:   000000006a44320a 000000000314f4e0
0x0000000019a9e448:   0000000000000000 000000001f754140
0x0000000019a9e458:   000000006a13f1ff 00000001005b9a30
0x0000000019a9e468:   000000001c7255b0 000000000314f4e0
0x0000000019a9e478:   000000006a445100 0000000000000000
0x0000000019a9e488:   0000000000000000 000000001c7255b0
0x0000000019a9e498:   000000006a0edece 0000000000000000
0x0000000019a9e4a8:   000000001c7255b0 000000000314f4e0
0x0000000019a9e4b8:   0000000019a9e820 0000000019a9e820
0x0000000019a9e4c8:   000000006a0eeaa2 0000000000000000
0x0000000019a9e4d8:   00000001005b9a30 0000000000000000
0x0000000019a9e4e8:   00000000193fa800 0000000000000001
0x0000000019a9e4f8:   000000006a445100 00000000193fa800
0x0000000019a9e508:   0000000000000000 0000000019eb0700 

Instructions: (pc=0x000000006a13926f)
0x000000006a13924f:   ff c9 48 8b d9 78 4c 66 66 0f 1f 84 00 00 00 00
0x000000006a13925f:   00 47 8d 04 11 41 d1 f8 49 63 c0 48 8b 4c c3 08
0x000000006a13926f:   48 8b 41 08 0f b7 48 22 48 8b 40 08 48 8b 54 c8
0x000000006a13927f:   50 49 3b d3 72 14 33 c0 49 3b d3 0f 95 c0 85 c0 


Register to memory mapping:

RAX=0x0000000000020002 is an unknown value
RBX=0x000000001f754140 is pointing into metadata
RCX=0x0000000000000000 is an unknown value
RDX=0x000000001c7255b0 is an unknown value
RSP=0x0000000019a9e418 is pointing into the stack for thread: 0x00000000193fa800
RBP=0x000000001c725501 is an unknown value
RSI=0x000000000314f400 is an unknown value
RDI=0x000000001f754100 is pointing into metadata
R8 =0x0000000000020002 is an unknown value
R9 =0x0000000000040005 is an unknown value
R10=0x0000000000000000 is an unknown value
R11=0x000000001c7255b0 is an unknown value
R12=0x000000000314f4e0 is an unknown value
R13=0x000000001c7255b0 is an unknown value
R14=0x000000000314f4e0 is an unknown value
R15=0x0000000019416730 is an unknown value


Stack: [0x00000000199a0000,0x0000000019aa0000],  sp=0x0000000019a9e418,  free space=1017k
Native frames: (J=compiled Java code, j=interpreted, Vv=VM code, C=native code)
V  [jvm.dll+0x10926f]
V  [jvm.dll+0x109300]
V  [jvm.dll+0x10f1ff]
V  [jvm.dll+0xbdece]
V  [jvm.dll+0xbeaa2]
V  [jvm.dll+0xbfc53]
V  [jvm.dll+0xc0125]
V  [jvm.dll+0x303a1]
V  [jvm.dll+0x306cb]
V  [jvm.dll+0x3082a]
V  [jvm.dll+0x481ed]
V  [jvm.dll+0x41c988]
V  [jvm.dll+0x41fcf7]
V  [jvm.dll+0x4205ed]
V  [jvm.dll+0x4209e2]
V  [jvm.dll+0x425ad5]
V  [jvm.dll+0x425be0]
V  [jvm.dll+0x40f178]
V  [jvm.dll+0x40f3e1]
V  [jvm.dll+0x40f5a2]
V  [jvm.dll+0x40f771]
V  [jvm.dll+0x40f97f]
V  [jvm.dll+0xa6052]
V  [jvm.dll+0xa699f]
V  [jvm.dll+0x24533f]
V  [jvm.dll+0x29cc4a]
C  [msvcr100.dll+0x21d9f]
C  [msvcr100.dll+0x21e3b]
C  [KERNEL32.DLL+0x13034]
C  [ntdll.dll+0x71551]


Current CompileTask:
C1:  97571 5095       1       org.unbescape.html.HtmlEscapeUtil::escape (389 bytes)


---------------  P R O C E S S  ---------------

Java Threads: ( => current thread )
  0x00000000193ca800 JavaThread "HikariPool-1 housekeeper" daemon [_thread_blocked, id=9244, stack(0x000000001f970000,0x000000001fa70000)]
  0x00000000193c9800 JavaThread "RMI TCP Connection(idle)" daemon [_thread_blocked, id=9996, stack(0x000000001f570000,0x000000001f670000)]
  0x00000000193c6800 JavaThread "DestroyJavaVM" [_thread_blocked, id=8608, stack(0x0000000002e40000,0x0000000002f40000)]
  0x00000000193c4800 JavaThread "http-nio-8080-AsyncTimeout" daemon [_thread_blocked, id=1252, stack(0x000000001f270000,0x000000001f370000)]
  0x00000000193c6000 JavaThread "http-nio-8080-Acceptor-0" daemon [_thread_in_native, id=7204, stack(0x000000001f170000,0x000000001f270000)]
  0x00000000193c8000 JavaThread "http-nio-8080-ClientPoller-1" daemon [_thread_blocked, id=7196, stack(0x000000001f070000,0x000000001f170000)]
  0x00000000193c5000 JavaThread "http-nio-8080-ClientPoller-0" daemon [_thread_blocked, id=9312, stack(0x000000001ef70000,0x000000001f070000)]
  0x00000000193bc000 JavaThread "http-nio-8080-exec-10" daemon [_thread_blocked, id=2144, stack(0x000000001ee70000,0x000000001ef70000)]
  0x00000000193c3000 JavaThread "http-nio-8080-exec-9" daemon [_thread_blocked, id=6728, stack(0x000000001ed70000,0x000000001ee70000)]
  0x00000000193c2000 JavaThread "http-nio-8080-exec-8" daemon [_thread_blocked, id=3256, stack(0x000000001ec70000,0x000000001ed70000)]
  0x00000000193c1800 JavaThread "http-nio-8080-exec-7" daemon [_thread_blocked, id=3820, stack(0x000000001eb70000,0x000000001ec70000)]
  0x00000000193bd000 JavaThread "http-nio-8080-exec-6" daemon [_thread_blocked, id=10476, stack(0x000000001ea70000,0x000000001eb70000)]
  0x00000000193bd800 JavaThread "http-nio-8080-exec-5" daemon [_thread_blocked, id=5372, stack(0x000000001e970000,0x000000001ea70000)]
  0x00000000193bf000 JavaThread "http-nio-8080-exec-4" daemon [_thread_blocked, id=4968, stack(0x000000001e870000,0x000000001e970000)]
  0x00000000193c0000 JavaThread "http-nio-8080-exec-3" daemon [_thread_blocked, id=384, stack(0x000000001e770000,0x000000001e870000)]
  0x00000000193be800 JavaThread "http-nio-8080-exec-2" daemon [_thread_blocked, id=7444, stack(0x000000001e670000,0x000000001e770000)]
  0x00000000193c0800 JavaThread "http-nio-8080-exec-1" daemon [_thread_blocked, id=5364, stack(0x000000001e570000,0x000000001e670000)]
  0x000000001c142800 JavaThread "NioBlockingSelector.BlockPoller-1" daemon [_thread_in_native, id=216, stack(0x000000001e470000,0x000000001e570000)]
  0x000000001c148000 JavaThread "Live Reload Server" daemon [_thread_in_native, id=8536, stack(0x000000001e270000,0x000000001e370000)]
  0x000000001c145800 JavaThread "File Watcher" daemon [_thread_blocked, id=9052, stack(0x000000001e070000,0x000000001e170000)]
  0x000000001c146800 JavaThread "Abandoned connection cleanup thread" daemon [_thread_blocked, id=6756, stack(0x000000001d870000,0x000000001d970000)]
  0x000000001c144000 JavaThread "container-0" [_thread_blocked, id=4332, stack(0x000000001d770000,0x000000001d870000)]
  0x000000001c147800 JavaThread "ContainerBackgroundProcessor[StandardEngine[Tomcat]]" daemon [_thread_blocked, id=1148, stack(0x000000001d670000,0x000000001d770000)]
  0x0000000019dd7000 JavaThread "RMI Scheduler(0)" daemon [_thread_blocked, id=1608, stack(0x000000001a9a0000,0x000000001aaa0000)]
  0x0000000019d59000 JavaThread "RMI TCP Accept-0" daemon [_thread_in_native, id=10296, stack(0x000000001a6a0000,0x000000001a7a0000)]
  0x0000000019d2c800 JavaThread "RMI TCP Accept-50644" daemon [_thread_in_native, id=8460, stack(0x000000001a5a0000,0x000000001a6a0000)]
  0x0000000019d50000 JavaThread "RMI TCP Accept-0" daemon [_thread_in_native, id=8636, stack(0x000000001a4a0000,0x000000001a5a0000)]
  0x000000001940d000 JavaThread "Service Thread" daemon [_thread_blocked, id=7200, stack(0x0000000019aa0000,0x0000000019ba0000)]
=>0x00000000193fa800 JavaThread "C1 CompilerThread2" daemon [_thread_in_vm, id=10364, stack(0x00000000199a0000,0x0000000019aa0000)]
  0x0000000019398000 JavaThread "C2 CompilerThread1" daemon [_thread_blocked, id=2864, stack(0x00000000198a0000,0x00000000199a0000)]
  0x000000001934f800 JavaThread "C2 CompilerThread0" daemon [_thread_blocked, id=8968, stack(0x00000000197a0000,0x00000000198a0000)]
  0x000000001934e800 JavaThread "Monitor Ctrl-Break" daemon [_thread_in_native, id=7324, stack(0x00000000196a0000,0x00000000197a0000)]
  0x00000000190e3800 JavaThread "Attach Listener" daemon [_thread_blocked, id=11048, stack(0x00000000195a0000,0x00000000196a0000)]
  0x0000000017d53800 JavaThread "Signal Dispatcher" daemon [_thread_blocked, id=6012, stack(0x00000000194a0000,0x00000000195a0000)]
  0x0000000017d2c000 JavaThread "Finalizer" daemon [_thread_blocked, id=7440, stack(0x0000000018fa0000,0x00000000190a0000)]
  0x00000000031f5800 JavaThread "Reference Handler" daemon [_thread_blocked, id=2572, stack(0x0000000018ea0000,0x0000000018fa0000)]

Other Threads:
  0x0000000017d06800 VMThread [stack: 0x0000000018da0000,0x0000000018ea0000] [id=11012]
  0x0000000019d5a000 WatcherThread [stack: 0x000000001a7a0000,0x000000001a8a0000] [id=2604]

VM state:synchronizing (normal execution)

VM Mutex/Monitor currently owned by a thread:  ([mutex/lock_event])
[0x0000000003103ac0] Threads_lock - owner thread: 0x0000000017d06800

Heap:
 PSYoungGen      total 158208K, used 144774K [0x00000000d5e00000, 0x00000000e2600000, 0x0000000100000000)
  eden space 142336K, 95% used [0x00000000d5e00000,0x00000000de25bd88,0x00000000de900000)
  from space 15872K, 58% used [0x00000000de900000,0x00000000df205de8,0x00000000df880000)
  to   space 15360K, 0% used [0x00000000e1700000,0x00000000e1700000,0x00000000e2600000)
 ParOldGen       total 102912K, used 20273K [0x0000000081a00000, 0x0000000087e80000, 0x00000000d5e00000)
  object space 102912K, 19% used [0x0000000081a00000,0x0000000082dcc730,0x0000000087e80000)
 Metaspace       used 43668K, capacity 45546K, committed 45824K, reserved 1089536K
  class space    used 5766K, capacity 6116K, committed 6144K, reserved 1048576K

Card table byte_map: [0x00000000125c0000,0x00000000129c0000] byte_map_base: 0x00000000121b3000

Marking Bits: (ParMarkBitMap*) 0x000000006a84f860
 Begin Bits: [0x0000000013070000, 0x0000000015008000)
 End Bits:   [0x0000000015008000, 0x0000000016fa0000)

Polling page: 0x0000000000d10000

CodeCache: size=245760Kb used=10089Kb max_used=10089Kb free=235670Kb
 bounds [0x0000000003200000, 0x0000000003be0000, 0x0000000012200000]
 total_blobs=5540 nmethods=5007 adapters=444
 compilation: enabled

Compilation events (10 events):
Event: 97.529 Thread 0x00000000193fa800 nmethod 5087 0x0000000003bd9310 code [0x0000000003bd95c0, 0x0000000003bda738]
Event: 97.529 Thread 0x00000000193fa800 5088       1       org.thymeleaf.standard.expression.ExpressionParsingNode::<init> (18 bytes)
Event: 97.529 Thread 0x00000000193fa800 nmethod 5088 0x0000000003bdb290 code [0x0000000003bdb3e0, 0x0000000003bdb548]
Event: 97.529 Thread 0x00000000193fa800 5089       1       org.springframework.expression.spel.standard.Tokenizer::isAlphabetic (25 bytes)
Event: 97.529 Thread 0x00000000193fa800 nmethod 5089 0x0000000003bdb610 code [0x0000000003bdb760, 0x0000000003bdb8d0]
Event: 97.529 Thread 0x00000000193fa800 5090       1       org.springframework.expression.spel.standard.Tokenizer::isIdentifier (34 bytes)
Event: 97.530 Thread 0x00000000193fa800 nmethod 5090 0x0000000003bdb990 code [0x0000000003bdbb00, 0x0000000003bdbd10]
Event: 97.531 Thread 0x00000000193fa800 5091       1       org.thymeleaf.standard.processor.AbstractStandardExpressionAttributeTagProcessor::doProcess (125 bytes)
Event: 97.532 Thread 0x00000000193fa800 nmethod 5091 0x0000000003bdbe90 code [0x0000000003bdc080, 0x0000000003bdc628]
Event: 97.532 Thread 0x00000000193fa800 5095       1       org.unbescape.html.HtmlEscapeUtil::escape (389 bytes)

GC Heap History (10 events):
Event: 4.050 GC heap before
{Heap before GC invocations=7 (full 1):
 PSYoungGen      total 71680K, used 71648K [0x00000000d5e00000, 0x00000000dd000000, 0x0000000100000000)
  eden space 66560K, 100% used [0x00000000d5e00000,0x00000000d9f00000,0x00000000d9f00000)
  from space 5120K, 99% used [0x00000000d9f00000,0x00000000da3f8380,0x00000000da400000)
  to   space 9216K, 0% used [0x00000000dc700000,0x00000000dc700000,0x00000000dd000000)
 ParOldGen       total 61952K, used 10750K [0x0000000081a00000, 0x0000000085680000, 0x00000000d5e00000)
  object space 61952K, 17% used [0x0000000081a00000,0x000000008247fb40,0x0000000085680000)
 Metaspace       used 25916K, capacity 26924K, committed 27136K, reserved 1073152K
  class space    used 3542K, capacity 3774K, committed 3840K, reserved 1048576K
Event: 4.058 GC heap after
Heap after GC invocations=7 (full 1):
 PSYoungGen      total 105984K, used 9191K [0x00000000d5e00000, 0x00000000dd280000, 0x0000000100000000)
  eden space 96768K, 0% used [0x00000000d5e00000,0x00000000d5e00000,0x00000000dbc80000)
  from space 9216K, 99% used [0x00000000dc700000,0x00000000dcff9c48,0x00000000dd000000)
  to   space 10752K, 0% used [0x00000000dbc80000,0x00000000dbc80000,0x00000000dc700000)
 ParOldGen       total 61952K, used 11250K [0x0000000081a00000, 0x0000000085680000, 0x00000000d5e00000)
  object space 61952K, 18% used [0x0000000081a00000,0x00000000824fcac8,0x0000000085680000)
 Metaspace       used 25916K, capacity 26924K, committed 27136K, reserved 1073152K
  class space    used 3542K, capacity 3774K, committed 3840K, reserved 1048576K
}
Event: 4.987 GC heap before
{Heap before GC invocations=8 (full 1):
 PSYoungGen      total 105984K, used 105959K [0x00000000d5e00000, 0x00000000dd280000, 0x0000000100000000)
  eden space 96768K, 100% used [0x00000000d5e00000,0x00000000dbc80000,0x00000000dbc80000)
  from space 9216K, 99% used [0x00000000dc700000,0x00000000dcff9c48,0x00000000dd000000)
  to   space 10752K, 0% used [0x00000000dbc80000,0x00000000dbc80000,0x00000000dc700000)
 ParOldGen       total 61952K, used 11250K [0x0000000081a00000, 0x0000000085680000, 0x00000000d5e00000)
  object space 61952K, 18% used [0x0000000081a00000,0x00000000824fcac8,0x0000000085680000)
 Metaspace       used 32563K, capacity 34012K, committed 34176K, reserved 1079296K
  class space    used 4389K, capacity 4682K, committed 4736K, reserved 1048576K
Event: 5.008 GC heap after
Heap after GC invocations=8 (full 1):
 PSYoungGen      total 107520K, used 10740K [0x00000000d5e00000, 0x00000000e0680000, 0x0000000100000000)
  eden space 96768K, 0% used [0x00000000d5e00000,0x00000000d5e00000,0x00000000dbc80000)
  from space 10752K, 99% used [0x00000000dbc80000,0x00000000dc6fd390,0x00000000dc700000)
  to   space 14336K, 0% used [0x00000000df880000,0x00000000df880000,0x00000000e0680000)
 ParOldGen       total 61952K, used 15491K [0x0000000081a00000, 0x0000000085680000, 0x00000000d5e00000)
  object space 61952K, 25% used [0x0000000081a00000,0x0000000082920f28,0x0000000085680000)
 Metaspace       used 32563K, capacity 34012K, committed 34176K, reserved 1079296K
  class space    used 4389K, capacity 4682K, committed 4736K, reserved 1048576K
}
Event: 5.452 GC heap before
{Heap before GC invocations=9 (full 1):
 PSYoungGen      total 107520K, used 77686K [0x00000000d5e00000, 0x00000000e0680000, 0x0000000100000000)
  eden space 96768K, 69% used [0x00000000d5e00000,0x00000000d9f60740,0x00000000dbc80000)
  from space 10752K, 99% used [0x00000000dbc80000,0x00000000dc6fd390,0x00000000dc700000)
  to   space 14336K, 0% used [0x00000000df880000,0x00000000df880000,0x00000000e0680000)
 ParOldGen       total 61952K, used 15491K [0x0000000081a00000, 0x0000000085680000, 0x00000000d5e00000)
  object space 61952K, 25% used [0x0000000081a00000,0x0000000082920f28,0x0000000085680000)
 Metaspace       used 33848K, capacity 35342K, committed 35496K, reserved 1079296K
  class space    used 4560K, capacity 4859K, committed 4864K, reserved 1048576K
Event: 5.470 GC heap after
Heap after GC invocations=9 (full 1):
 PSYoungGen      total 156672K, used 13869K [0x00000000d5e00000, 0x00000000e0f80000, 0x0000000100000000)
  eden space 142336K, 0% used [0x00000000d5e00000,0x00000000d5e00000,0x00000000de900000)
  from space 14336K, 96% used [0x00000000df880000,0x00000000e060b738,0x00000000e0680000)
  to   space 15872K, 0% used [0x00000000de900000,0x00000000de900000,0x00000000df880000)
 ParOldGen       total 61952K, used 15491K [0x0000000081a00000, 0x0000000085680000, 0x00000000d5e00000)
  object space 61952K, 25% used [0x0000000081a00000,0x0000000082920f28,0x0000000085680000)
 Metaspace       used 33848K, capacity 35342K, committed 35496K, reserved 1079296K
  class space    used 4560K, capacity 4859K, committed 4864K, reserved 1048576K
}
Event: 5.470 GC heap before
{Heap before GC invocations=10 (full 2):
 PSYoungGen      total 156672K, used 13869K [0x00000000d5e00000, 0x00000000e0f80000, 0x0000000100000000)
  eden space 142336K, 0% used [0x00000000d5e00000,0x00000000d5e00000,0x00000000de900000)
  from space 14336K, 96% used [0x00000000df880000,0x00000000e060b738,0x00000000e0680000)
  to   space 15872K, 0% used [0x00000000de900000,0x00000000de900000,0x00000000df880000)
 ParOldGen       total 61952K, used 15491K [0x0000000081a00000, 0x0000000085680000, 0x00000000d5e00000)
  object space 61952K, 25% used [0x0000000081a00000,0x0000000082920f28,0x0000000085680000)
 Metaspace       used 33848K, capacity 35342K, committed 35496K, reserved 1079296K
  class space    used 4560K, capacity 4859K, committed 4864K, reserved 1048576K
Event: 5.595 GC heap after
Heap after GC invocations=10 (full 2):
 PSYoungGen      total 156672K, used 0K [0x00000000d5e00000, 0x00000000e0f80000, 0x0000000100000000)
  eden space 142336K, 0% used [0x00000000d5e00000,0x00000000d5e00000,0x00000000de900000)
  from space 14336K, 0% used [0x00000000df880000,0x00000000df880000,0x00000000e0680000)
  to   space 15872K, 0% used [0x00000000de900000,0x00000000de900000,0x00000000df880000)
 ParOldGen       total 102912K, used 20265K [0x0000000081a00000, 0x0000000087e80000, 0x00000000d5e00000)
  object space 102912K, 19% used [0x0000000081a00000,0x0000000082dca730,0x0000000087e80000)
 Metaspace       used 33848K, capacity 35342K, committed 35496K, reserved 1079296K
  class space    used 4560K, capacity 4859K, committed 4864K, reserved 1048576K
}
Event: 12.607 GC heap before
{Heap before GC invocations=11 (full 2):
 PSYoungGen      total 156672K, used 142336K [0x00000000d5e00000, 0x00000000e0f80000, 0x0000000100000000)
  eden space 142336K, 100% used [0x00000000d5e00000,0x00000000de900000,0x00000000de900000)
  from space 14336K, 0% used [0x00000000df880000,0x00000000df880000,0x00000000e0680000)
  to   space 15872K, 0% used [0x00000000de900000,0x00000000de900000,0x00000000df880000)
 ParOldGen       total 102912K, used 20265K [0x0000000081a00000, 0x0000000087e80000, 0x00000000d5e00000)
  object space 102912K, 19% used [0x0000000081a00000,0x0000000082dca730,0x0000000087e80000)
 Metaspace       used 37827K, capacity 39628K, committed 39808K, reserved 1083392K
  class space    used 5089K, capacity 5429K, committed 5504K, reserved 1048576K
Event: 12.618 GC heap after
Heap after GC invocations=11 (full 2):
 PSYoungGen      total 158208K, used 9239K [0x00000000d5e00000, 0x00000000e2600000, 0x0000000100000000)
  eden space 142336K, 0% used [0x00000000d5e00000,0x00000000d5e00000,0x00000000de900000)
  from space 15872K, 58% used [0x00000000de900000,0x00000000df205de8,0x00000000df880000)
  to   space 15360K, 0% used [0x00000000e1700000,0x00000000e1700000,0x00000000e2600000)
 ParOldGen       total 102912K, used 20273K [0x0000000081a00000, 0x0000000087e80000, 0x00000000d5e00000)
  object space 102912K, 19% used [0x0000000081a00000,0x0000000082dcc730,0x0000000087e80000)
 Metaspace       used 37827K, capacity 39628K, committed 39808K, reserved 1083392K
  class space    used 5089K, capacity 5429K, committed 5504K, reserved 1048576K
}

Deoptimization events (0 events):
No events

Classes redefined (0 events):
No events

Internal exceptions (10 events):
Event: 13.523 Thread 0x00000000193c3000 Exception <a 'java/lang/ArrayIndexOutOfBoundsException'> (0x00000000d933b548) thrown at [C:\re\workspace\8-2-build-windows-amd64-cygwin\jdk8u161\10277\hotspot\src\share\vm\runtime\sharedRuntime.cpp, line 605]
Event: 13.524 Thread 0x00000000193c3000 Exception <a 'java/lang/ArrayIndexOutOfBoundsException'> (0x00000000d93449a0) thrown at [C:\re\workspace\8-2-build-windows-amd64-cygwin\jdk8u161\10277\hotspot\src\share\vm\runtime\sharedRuntime.cpp, line 605]
Event: 13.525 Thread 0x00000000193c3000 Exception <a 'java/lang/ArrayIndexOutOfBoundsException'> (0x00000000d934d340) thrown at [C:\re\workspace\8-2-build-windows-amd64-cygwin\jdk8u161\10277\hotspot\src\share\vm\runtime\sharedRuntime.cpp, line 605]
Event: 13.552 Thread 0x00000000193c3000 Exception <a 'java/lang/ArrayIndexOutOfBoundsException'> (0x00000000d94d7d10) thrown at [C:\re\workspace\8-2-build-windows-amd64-cygwin\jdk8u161\10277\hotspot\src\share\vm\runtime\sharedRuntime.cpp, line 605]
Event: 13.588 Thread 0x00000000193c3000 Exception <a 'java/lang/ArrayIndexOutOfBoundsException'> (0x00000000d97e1fa8) thrown at [C:\re\workspace\8-2-build-windows-amd64-cygwin\jdk8u161\10277\hotspot\src\share\vm\runtime\sharedRuntime.cpp, line 605]
Event: 13.593 Thread 0x00000000193c3000 Exception <a 'java/lang/ArrayIndexOutOfBoundsException'> (0x00000000d9826008) thrown at [C:\re\workspace\8-2-build-windows-amd64-cygwin\jdk8u161\10277\hotspot\src\share\vm\runtime\sharedRuntime.cpp, line 605]
Event: 47.501 Thread 0x00000000193bf000 Exception <a 'java/io/IOException'> (0x00000000d8a20b70) thrown at [C:\re\workspace\8-2-build-windows-amd64-cygwin\jdk8u161\10277\hotspot\src\share\vm\prims\jni.cpp, line 709]
Event: 97.467 Thread 0x00000000193c1800 Exception <a 'java/lang/reflect/InvocationTargetException'> (0x00000000db625b28) thrown at [C:\re\workspace\8-2-build-windows-amd64-cygwin\jdk8u161\10277\hotspot\src\share\vm\runtime\reflection.cpp, line 1092]
Event: 97.467 Thread 0x00000000193c1800 Exception <a 'java/lang/ArrayIndexOutOfBoundsException'> (0x00000000db627a88) thrown at [C:\re\workspace\8-2-build-windows-amd64-cygwin\jdk8u161\10277\hotspot\src\share\vm\runtime\sharedRuntime.cpp, line 605]
Event: 97.467 Thread 0x00000000193c1800 Exception <a 'java/lang/ArrayIndexOutOfBoundsException'> (0x00000000db62c950) thrown at [C:\re\workspace\8-2-build-windows-amd64-cygwin\jdk8u161\10277\hotspot\src\share\vm\runtime\sharedRuntime.cpp, line 605]

Events (10 events):
Event: 97.472 Executing VM operation: RevokeBias
Event: 97.472 Executing VM operation: RevokeBias done
Event: 97.482 Executing VM operation: RevokeBias
Event: 97.482 Executing VM operation: RevokeBias done
Event: 97.483 Executing VM operation: RevokeBias
Event: 97.483 Executing VM operation: RevokeBias done
Event: 97.527 Executing VM operation: RevokeBias
Event: 97.527 Executing VM operation: RevokeBias done
Event: 97.530 Executing VM operation: RevokeBias
Event: 97.530 Executing VM operation: RevokeBias done


Dynamic libraries:
0x00007ff60f5d0000 - 0x00007ff60f607000 	C:\Program Files\Java\jdk1.8.0_161\bin\java.exe
0x00007ff86d1b0000 - 0x00007ff86d391000 	C:\WINDOWS\SYSTEM32\ntdll.dll
0x00007ff86c7c0000 - 0x00007ff86c872000 	C:\WINDOWS\System32\KERNEL32.DLL
0x00007ff869580000 - 0x00007ff8697f3000 	C:\WINDOWS\System32\KERNELBASE.dll
0x00007ff86a640000 - 0x00007ff86a6e1000 	C:\WINDOWS\System32\ADVAPI32.dll
0x00007ff86c2c0000 - 0x00007ff86c35e000 	C:\WINDOWS\System32\msvcrt.dll
0x00007ff86ab80000 - 0x00007ff86abdb000 	C:\WINDOWS\System32\sechost.dll
0x00007ff86cd70000 - 0x00007ff86ce94000 	C:\WINDOWS\System32\RPCRT4.dll
0x00007ff86c130000 - 0x00007ff86c2c0000 	C:\WINDOWS\System32\USER32.dll
0x00007ff86a420000 - 0x00007ff86a440000 	C:\WINDOWS\System32\win32u.dll
0x00007ff86d110000 - 0x00007ff86d138000 	C:\WINDOWS\System32\GDI32.dll
0x00007ff86a180000 - 0x00007ff86a312000 	C:\WINDOWS\System32\gdi32full.dll
0x00007ff86a380000 - 0x00007ff86a41f000 	C:\WINDOWS\System32\msvcp_win.dll
0x00007ff86a4f0000 - 0x00007ff86a5ea000 	C:\WINDOWS\System32\ucrtbase.dll
0x00007ff8605b0000 - 0x00007ff860819000 	C:\WINDOWS\WinSxS\amd64_microsoft.windows.common-controls_6595b64144ccf1df_6.0.17134.81_none_b4b229fe3cb4cfa3\COMCTL32.dll
0x00007ff86a6f0000 - 0x00007ff86aa13000 	C:\WINDOWS\System32\combase.dll
0x00007ff869f10000 - 0x00007ff869f8a000 	C:\WINDOWS\System32\bcryptPrimitives.dll
0x00007ff86d140000 - 0x00007ff86d16d000 	C:\WINDOWS\System32\IMM32.DLL
0x000000006c950000 - 0x000000006ca22000 	C:\Program Files\Java\jdk1.8.0_161\jre\bin\msvcr100.dll
0x000000006a030000 - 0x000000006a8cf000 	C:\Program Files\Java\jdk1.8.0_161\jre\bin\server\jvm.dll
0x00007ff86d170000 - 0x00007ff86d178000 	C:\WINDOWS\System32\PSAPI.DLL
0x00007ff863270000 - 0x00007ff863279000 	C:\WINDOWS\SYSTEM32\WSOCK32.dll
0x00007ff86ca60000 - 0x00007ff86cacc000 	C:\WINDOWS\System32\WS2_32.dll
0x00007ff8654c0000 - 0x00007ff8654e3000 	C:\WINDOWS\SYSTEM32\WINMM.dll
0x00007ff85eca0000 - 0x00007ff85ecaa000 	C:\WINDOWS\SYSTEM32\VERSION.dll
0x00007ff8652a0000 - 0x00007ff8652ca000 	C:\WINDOWS\SYSTEM32\WINMMBASE.dll
0x00007ff86a5f0000 - 0x00007ff86a639000 	C:\WINDOWS\System32\cfgmgr32.dll
0x000000006c940000 - 0x000000006c94f000 	C:\Program Files\Java\jdk1.8.0_161\jre\bin\verify.dll
0x000000006c910000 - 0x000000006c939000 	C:\Program Files\Java\jdk1.8.0_161\jre\bin\java.dll
0x000000006c8e0000 - 0x000000006c903000 	C:\Program Files\Java\jdk1.8.0_161\jre\bin\instrument.dll
0x000000006c8c0000 - 0x000000006c8d6000 	C:\Program Files\Java\jdk1.8.0_161\jre\bin\zip.dll
0x00007ff86abe0000 - 0x00007ff86c020000 	C:\WINDOWS\System32\SHELL32.dll
0x00007ff86c080000 - 0x00007ff86c129000 	C:\WINDOWS\System32\shcore.dll
0x00007ff869800000 - 0x00007ff869f0d000 	C:\WINDOWS\System32\windows.storage.dll
0x00007ff86c020000 - 0x00007ff86c071000 	C:\WINDOWS\System32\shlwapi.dll
0x00007ff869520000 - 0x00007ff869531000 	C:\WINDOWS\System32\kernel.appcore.dll
0x00007ff869540000 - 0x00007ff86955f000 	C:\WINDOWS\System32\profapi.dll
0x00007ff8694d0000 - 0x00007ff86951c000 	C:\WINDOWS\System32\powrprof.dll
0x00007ff8694c0000 - 0x00007ff8694ca000 	C:\WINDOWS\System32\FLTLIB.DLL
0x00007ff856760000 - 0x00007ff85677a000 	C:\Program Files\JetBrains\IntelliJ IDEA 2017.3.5\bin\breakgen64.dll
0x000000006c8a0000 - 0x000000006c8ba000 	C:\Program Files\Java\jdk1.8.0_161\jre\bin\net.dll
0x00007ff868d40000 - 0x00007ff868da6000 	C:\WINDOWS\system32\mswsock.dll
0x000000006c890000 - 0x000000006c89d000 	C:\Program Files\Java\jdk1.8.0_161\jre\bin\management.dll
0x000000006c870000 - 0x000000006c881000 	C:\Program Files\Java\jdk1.8.0_161\jre\bin\nio.dll
0x00007ff850320000 - 0x00007ff850336000 	C:\WINDOWS\system32\napinsp.dll
0x00007ff850300000 - 0x00007ff85031a000 	C:\WINDOWS\system32\pnrpnsp.dll
0x00007ff866270000 - 0x00007ff866289000 	C:\WINDOWS\system32\NLAapi.dll
0x00007ff868b00000 - 0x00007ff868bbe000 	C:\WINDOWS\SYSTEM32\DNSAPI.dll
0x00007ff86ab10000 - 0x00007ff86ab18000 	C:\WINDOWS\System32\NSI.dll
0x00007ff868ac0000 - 0x00007ff868af8000 	C:\WINDOWS\SYSTEM32\IPHLPAPI.DLL
0x00007ff8527d0000 - 0x00007ff8527de000 	C:\WINDOWS\System32\winrnr.dll
0x00007ff863da0000 - 0x00007ff863db5000 	C:\WINDOWS\System32\wshbth.dll
0x00007ff85ebb0000 - 0x00007ff85ebba000 	C:\Windows\System32\rasadhlp.dll
0x00007ff85ea40000 - 0x00007ff85eab2000 	C:\WINDOWS\System32\fwpuclnt.dll
0x00007ff869020000 - 0x00007ff869045000 	C:\WINDOWS\SYSTEM32\bcrypt.dll
0x00007ff868ef0000 - 0x00007ff868f07000 	C:\WINDOWS\SYSTEM32\CRYPTSP.dll
0x00007ff868920000 - 0x00007ff868953000 	C:\WINDOWS\system32\rsaenh.dll
0x00007ff8693c0000 - 0x00007ff8693e8000 	C:\WINDOWS\SYSTEM32\USERENV.dll
0x00007ff868f10000 - 0x00007ff868f1b000 	C:\WINDOWS\SYSTEM32\CRYPTBASE.dll
0x00007ff8626b0000 - 0x00007ff8626c6000 	C:\WINDOWS\SYSTEM32\dhcpcsvc6.DLL
0x00007ff862690000 - 0x00007ff8626aa000 	C:\WINDOWS\SYSTEM32\dhcpcsvc.DLL
0x00007ff8529f0000 - 0x00007ff852bb9000 	C:\WINDOWS\SYSTEM32\dbghelp.dll

VM Arguments:
jvm_args: -XX:TieredStopAtLevel=1 -Xverify:none -Dspring.output.ansi.enabled=always -Dcom.sun.management.jmxremote -Dcom.sun.management.jmxremote.port=50644 -Dcom.sun.management.jmxremote.authenticate=false -Dcom.sun.management.jmxremote.ssl=false -Djava.rmi.server.hostname=localhost -Dspring.liveBeansView.mbeanDomain -Dspring.application.admin.enabled=true -javaagent:C:\Program Files\JetBrains\IntelliJ IDEA 2017.3.5\lib\idea_rt.jar=50645:C:\Program Files\JetBrains\IntelliJ IDEA 2017.3.5\bin -Dfile.encoding=UTF-8 
java_command: com.cww.mymoxi.MymoxiApplication
java_class_path (initial): C:\Program Files\Java\jdk1.8.0_161\jre\lib\charsets.jar;C:\Program Files\Java\jdk1.8.0_161\jre\lib\deploy.jar;C:\Program Files\Java\jdk1.8.0_161\jre\lib\ext\access-bridge-64.jar;C:\Program Files\Java\jdk1.8.0_161\jre\lib\ext\cldrdata.jar;C:\Program Files\Java\jdk1.8.0_161\jre\lib\ext\dnsns.jar;C:\Program Files\Java\jdk1.8.0_161\jre\lib\ext\jaccess.jar;C:\Program Files\Java\jdk1.8.0_161\jre\lib\ext\jfxrt.jar;C:\Program Files\Java\jdk1.8.0_161\jre\lib\ext\localedata.jar;C:\Program Files\Java\jdk1.8.0_161\jre\lib\ext\nashorn.jar;C:\Program Files\Java\jdk1.8.0_161\jre\lib\ext\sunec.jar;C:\Program Files\Java\jdk1.8.0_161\jre\lib\ext\sunjce_provider.jar;C:\Program Files\Java\jdk1.8.0_161\jre\lib\ext\sunmscapi.jar;C:\Program Files\Java\jdk1.8.0_161\jre\lib\ext\sunpkcs11.jar;C:\Program Files\Java\jdk1.8.0_161\jre\lib\ext\zipfs.jar;C:\Program Files\Java\jdk1.8.0_161\jre\lib\javaws.jar;C:\Program Files\Java\jdk1.8.0_161\jre\lib\jce.jar;C:\Program Files\Java\jdk1.8.0_161\jre\lib\jfr.jar;C:\Program Files\Java\jdk1.8.0_161\jre\lib\jfxswt.jar;C:\Program Files\Java\jdk1.8.0_161\jre\lib\jsse.jar;C:\Program Files\Java\jdk1.8.0_161\jre\lib\management-agent.jar;C:\Program Files\Java\jdk1.8.0_161\jre\lib\plugin.jar;C:\Program Files\Java\jdk1.8.0_161\jre\lib\resources.jar;C:\Program Files\Java\jdk1.8.0_161\jre\lib\rt.jar;C:\Users\the_one\IdeaProjects\mymoxi\target\classes;C:\Users\the_one\.m2\repository\org\springframework\boot\spring-boot-starter-web\2.0.2.RELEASE\spring-boot-starter-web-2.0.2.RELEASE.jar;C:\Users\the_one\.m2\repository\org\springframework\boot\spring-boot-starter\2.0.2.RELEASE\spring-boot-starter-2.0.2.RELEASE.jar;C:\Users\the_one\.m2\repository\org\springframework\boot\spring-boot-starter-logging\2.0.2.RELEASE\spring-boot-starter-logging-2.0.2.RELEASE.jar;C:\Users\the_one\.m2\repository\ch\qos\logback\logback-classic\1.2.3\logback-classic-1.2.3.jar;C:\Users\the_one\.m2\repository\ch\qos\logback\logback-core\1.2.3\logback-core-1.2.3.jar;C:
Launcher Type: SUN_STANDARD

Environment Variables:
JAVA_HOME=C:\Program Files\Java\jdk1.8.0_161
CLASSPATH=C:\Tomcat\apache-tomcat-7.0.78\BIN;C:\Program Files\Java\jdk1.8.0_161\lib;C:\Program Files\Java\jdk1.8.0_161\lib\tools.jar
PATH=C:\ProgramData\Oracle\Java\javapath;C:\WINDOWS\system32;C:\WINDOWS;C:\WINDOWS\System32\Wbem;C:\WINDOWS\System32\WindowsPowerShell\v1.0\;C:\Program Files\Java\jdk1.8.0_161\bin;C:\Program Files\Java\jdk1.8.0_161\jre\bin;C:\Program Files\mysql-5.7.21\bin;C:\Program Files\MySQL\MySQL Utilities 1.6\;C:\Program Files\Git\cmd;D:\Program Files\MATLAB\R2016a\runtime\win64;D:\Program Files\MATLAB\R2016a\bin;D:\Program Files\MATLAB\R2016a\polyspace\bin;C:\maven\bin;C:\Program Files\PuTTY\;C:\Program Files\nodejs\;C:\WINDOWS\System32\OpenSSH\;C:\Users\the_one\AppData\Local\Programs\Python\Python36\Scripts\;C:\Users\the_one\AppData\Local\Programs\Python\Python36\;C:\Users\the_one\AppData\Local\Microsoft\WindowsApps;C:\Users\the_one\AppData\Local\atom\bin;C:\Program Files\Microsoft VS Code\bin;C:\Users\the_one\AppData\Roaming\npm;C:\Users\the_one\AppData\Local\GitHubDesktop\bin;%USERPROFILE%\AppData\Local\Microsoft\WindowsApps;
USERNAME=the_one
OS=Windows_NT
PROCESSOR_IDENTIFIER=Intel64 Family 6 Model 60 Stepping 3, GenuineIntel



---------------  S Y S T E M  ---------------

OS: Windows 10.0 , 64 bit Build 17134 (10.0.17134.1)

CPU:total 4 (initial active 4) (2 cores per cpu, 2 threads per core) family 6 model 60 stepping 3, cmov, cx8, fxsr, mmx, sse, sse2, sse3, ssse3, sse4.1, sse4.2, popcnt, avx, avx2, aes, clmul, erms, lzcnt, ht, tsc, tscinvbit, bmi1, bmi2

Memory: 4k page, physical 8281452k(3107604k free), swap 10509676k(4615596k free)

vm_info: Java HotSpot(TM) 64-Bit Server VM (25.161-b12) for windows-amd64 JRE (1.8.0_161-b12), built on Dec 19 2017 17:52:25 by "java_re" with MS VC++ 10.0 (VS2010)

time: Thu Jun 07 22:37:20 2018
elapsed time: 97 seconds (0d 0h 1m 37s)

